2023-09-13 10:54:54,516 INFO  [restartedMain] com.tpe.SpringJwtApplication:Starting SpringJwtApplication using Java 18.0.2 on yupe with PID 24916 (/mnt/depo/Coding Projects/intelliJ_Workspace/B173-174-175-176-JAVA-DEV-MOBILE-TR-main/09- SpringSecurity/spring_jwt/target/classes started by yupe in /mnt/depo/Coding Projects/intelliJ_Workspace/B173-174-175-176-JAVA-DEV-MOBILE-TR-main/09- SpringSecurity/spring_jwt)
2023-09-13 10:54:54,535 INFO  [restartedMain] com.tpe.SpringJwtApplication:No active profile set, falling back to 1 default profile: "default"
2023-09-13 10:54:54,670 INFO  [restartedMain] org.springframework.boot.devtools.env.DevToolsPropertyDefaultsPostProcessor:Devtools property defaults active! Set 'spring.devtools.add-properties' to 'false' to disable
2023-09-13 10:54:54,670 INFO  [restartedMain] org.springframework.boot.devtools.env.DevToolsPropertyDefaultsPostProcessor:For additional web related logging consider setting the 'logging.level.web' property to 'DEBUG'
2023-09-13 10:54:55,990 INFO  [restartedMain] org.springframework.data.repository.config.RepositoryConfigurationDelegate:Bootstrapping Spring Data JPA repositories in DEFAULT mode.
2023-09-13 10:54:56,095 INFO  [restartedMain] org.springframework.data.repository.config.RepositoryConfigurationDelegate:Finished Spring Data repository scanning in 95 ms. Found 2 JPA repository interfaces.
2023-09-13 10:54:57,240 INFO  [restartedMain] org.springframework.boot.web.embedded.tomcat.TomcatWebServer:Tomcat initialized with port(s): 8080 (http)
2023-09-13 10:54:57,254 INFO  [restartedMain] org.apache.catalina.core.StandardService:Starting service [Tomcat]
2023-09-13 10:54:57,254 INFO  [restartedMain] org.apache.catalina.core.StandardEngine:Starting Servlet engine: [Apache Tomcat/9.0.58]
2023-09-13 10:54:57,327 INFO  [restartedMain] org.apache.catalina.core.ContainerBase.[Tomcat].[localhost].[/]:Initializing Spring embedded WebApplicationContext
2023-09-13 10:54:57,327 INFO  [restartedMain] org.springframework.boot.web.servlet.context.ServletWebServerApplicationContext:Root WebApplicationContext: initialization completed in 2654 ms
2023-09-13 10:54:57,562 INFO  [restartedMain] org.hibernate.jpa.internal.util.LogHelper:HHH000204: Processing PersistenceUnitInfo [name: default]
2023-09-13 10:54:57,625 INFO  [restartedMain] org.hibernate.Version:HHH000412: Hibernate ORM core version 5.6.5.Final
2023-09-13 10:54:57,811 INFO  [restartedMain] org.hibernate.annotations.common.Version:HCANN000001: Hibernate Commons Annotations {5.1.2.Final}
2023-09-13 10:54:57,963 INFO  [restartedMain] com.zaxxer.hikari.HikariDataSource:HikariPool-1 - Starting...
2023-09-13 10:54:58,399 INFO  [restartedMain] com.zaxxer.hikari.HikariDataSource:HikariPool-1 - Start completed.
2023-09-13 10:54:58,417 INFO  [restartedMain] org.hibernate.dialect.Dialect:HHH000400: Using dialect: org.hibernate.dialect.PostgreSQLDialect
2023-09-13 10:54:59,741 INFO  [restartedMain] org.hibernate.engine.transaction.jta.platform.internal.JtaPlatformInitiator:HHH000490: Using JtaPlatform implementation: [org.hibernate.engine.transaction.jta.platform.internal.NoJtaPlatform]
2023-09-13 10:54:59,748 INFO  [restartedMain] org.springframework.orm.jpa.LocalContainerEntityManagerFactoryBean:Initialized JPA EntityManagerFactory for persistence unit 'default'
2023-09-13 10:55:00,220 WARN  [restartedMain] org.springframework.boot.autoconfigure.orm.jpa.JpaBaseConfiguration$JpaWebConfiguration:spring.jpa.open-in-view is enabled by default. Therefore, database queries may be performed during view rendering. Explicitly configure spring.jpa.open-in-view to disable this warning
2023-09-13 10:55:00,493 INFO  [restartedMain] org.springframework.security.web.DefaultSecurityFilterChain:Will not secure any request
2023-09-13 10:55:00,983 INFO  [restartedMain] org.springframework.boot.devtools.autoconfigure.OptionalLiveReloadServer:LiveReload server is running on port 35729
2023-09-13 10:55:01,027 INFO  [restartedMain] org.springframework.boot.web.embedded.tomcat.TomcatWebServer:Tomcat started on port(s): 8080 (http) with context path ''
2023-09-13 10:55:01,050 INFO  [restartedMain] com.tpe.SpringJwtApplication:Started SpringJwtApplication in 7.296 seconds (JVM running for 8.508)
2023-09-13 10:55:04,497 INFO  [http-nio-8080-exec-1] org.apache.catalina.core.ContainerBase.[Tomcat].[localhost].[/]:Initializing Spring DispatcherServlet 'dispatcherServlet'
2023-09-13 10:55:57,062 INFO  [SpringApplicationShutdownHook] org.springframework.orm.jpa.LocalContainerEntityManagerFactoryBean:Closing JPA EntityManagerFactory for persistence unit 'default'
2023-09-13 10:55:57,066 INFO  [SpringApplicationShutdownHook] com.zaxxer.hikari.HikariDataSource:HikariPool-1 - Shutdown initiated...
2023-09-13 10:55:57,091 INFO  [SpringApplicationShutdownHook] com.zaxxer.hikari.HikariDataSource:HikariPool-1 - Shutdown completed.
